
> pjm-studio@1.0.0 dev
> vite


  VITE v5.4.19  ready in 97 ms

  ➜  Local:   http://localhost:3000/
  ➜  Network: use --host to expose
DEPRECATION WARNING [legacy-js-api]: The legacy JS API is deprecated and will be removed in Dart Sass 2.0.0.

More info: https://sass-lang.com/d/legacy-js-api

DEPRECATION WARNING [import]: Sass @import rules are deprecated and will be removed in Dart Sass 3.0.0.

More info and automated migrator: https://sass-lang.com/d/import

  ╷
3 │ @import 'variables';
  │         ^^^^^^^^^^^
  ╵
    src/styles/main.scss 3:9  root stylesheet

DEPRECATION WARNING [legacy-js-api]: The legacy JS API is deprecated and will be removed in Dart Sass 2.0.0.

More info: https://sass-lang.com/d/legacy-js-api

DEPRECATION WARNING [import]: Sass @import rules are deprecated and will be removed in Dart Sass 3.0.0.

More info and automated migrator: https://sass-lang.com/d/import

  ╷
3 │ @import 'variables';
  │         ^^^^^^^^^^^
  ╵
    src/styles/portfolio.scss 3:9  root stylesheet

6:00:44 PM [vite] hmr update /src/styles/portfolio.scss?direct
6:06:17 PM [vite] hmr update /src/styles/portfolio.scss?direct
6:06:54 PM [vite] hmr update /src/styles/portfolio.scss?direct
6:10:30 PM [vite] page reload home.html
6:10:47 PM [vite] page reload store.html
6:10:52 PM [vite] page reload src/pages/portfolio.html
6:10:56 PM [vite] page reload src/pages/directing.html
8:56:54 PM [vite] hmr update /src/styles/portfolio.scss?direct
8:59:02 PM [vite] hmr update /src/styles/main.scss
8:59:06 PM [vite] hmr update /src/styles/main.scss
9:29:11 PM [vite] hmr update /src/styles/main.scss, /src/styles/portfolio.scss?direct
9:29:22 PM [vite] hmr update /src/styles/main.scss, /src/styles/portfolio.scss?direct
9:29:29 PM [vite] hmr update /src/styles/main.scss, /src/styles/portfolio.scss?direct
9:32:53 PM [vite] page reload home.html
9:34:53 PM [vite] hmr update /src/styles/main.scss, /src/styles/portfolio.scss?direct
9:35:06 PM [vite] hmr update /src/styles/main.scss, /src/styles/portfolio.scss?direct
9:37:41 PM [vite] hmr update /src/styles/main.scss, /src/styles/portfolio.scss?direct
9:37:51 PM [vite] hmr update /src/styles/main.scss, /src/styles/portfolio.scss?direct
9:39:09 PM [vite] hmr update /src/styles/main.scss
9:52:58 PM [vite] page reload .checkpoints/2025-07-28_21-52-57_social-icons-consistency-complete/home-simple.html
9:52:58 PM [vite] page reload .checkpoints/2025-07-28_21-52-57_social-icons-consistency-complete/home.html
9:52:58 PM [vite] page reload .checkpoints/2025-07-28_21-52-57_social-icons-consistency-complete/index.html
9:52:58 PM [vite] page reload .checkpoints/2025-07-28_21-52-57_social-icons-consistency-complete/store.html
9:52:58 PM [vite] page reload .checkpoints/2025-07-28_21-52-57_social-icons-consistency-complete/home-simple.html
9:52:58 PM [vite] page reload .checkpoints/2025-07-28_21-52-57_social-icons-consistency-complete/home.html
9:52:58 PM [vite] page reload .checkpoints/2025-07-28_21-52-57_social-icons-consistency-complete/index.html
9:52:58 PM [vite] page reload .checkpoints/2025-07-28_21-52-57_social-icons-consistency-complete/src/pages/directing.html
9:52:58 PM [vite] page reload .checkpoints/2025-07-28_21-52-57_social-icons-consistency-complete/src/pages/graphic-design.html
9:52:58 PM [vite] page reload .checkpoints/2025-07-28_21-52-57_social-icons-consistency-complete/src/pages/photography.html
9:52:58 PM [vite] page reload .checkpoints/2025-07-28_21-52-57_social-icons-consistency-complete/src/pages/portfolio.html
9:52:58 PM [vite] page reload .checkpoints/2025-07-28_21-52-57_social-icons-consistency-complete/src/pages/store.html
9:52:58 PM [vite] page reload .checkpoints/2025-07-28_21-52-57_social-icons-consistency-complete/src/pages/video-editing.html
9:52:58 PM [vite] page reload .checkpoints/2025-07-28_21-52-57_social-icons-consistency-complete/src/pages/videography.html
9:52:58 PM [vite] page reload .checkpoints/2025-07-28_21-52-57_social-icons-consistency-complete/store.html
9:56:23 PM [vite] page reload .checkpoints/2025-07-28_21-52-57_social-icons-consistency-complete/home-simple.html
9:56:23 PM [vite] page reload .checkpoints/2025-07-28_21-52-57_social-icons-consistency-complete/home.html
9:56:23 PM [vite] page reload .checkpoints/2025-07-28_21-52-57_social-icons-consistency-complete/index.html
9:56:23 PM [vite] page reload .checkpoints/2025-07-28_21-52-57_social-icons-consistency-complete/src/pages/directing.html
9:56:23 PM [vite] page reload .checkpoints/2025-07-28_21-52-57_social-icons-consistency-complete/src/pages/graphic-design.html
9:56:23 PM [vite] page reload .checkpoints/2025-07-28_21-52-57_social-icons-consistency-complete/src/pages/photography.html
9:56:23 PM [vite] page reload .checkpoints/2025-07-28_21-52-57_social-icons-consistency-complete/src/pages/portfolio.html
9:56:23 PM [vite] page reload .checkpoints/2025-07-28_21-52-57_social-icons-consistency-complete/src/pages/store.html
9:56:23 PM [vite] page reload .checkpoints/2025-07-28_21-52-57_social-icons-consistency-complete/src/pages/video-editing.html
9:56:23 PM [vite] page reload .checkpoints/2025-07-28_21-52-57_social-icons-consistency-complete/src/pages/videography.html
9:56:23 PM [vite] page reload .checkpoints/2025-07-28_21-52-57_social-icons-consistency-complete/store.html
9:56:44 PM [vite] page reload .checkpoints/2025-07-28_21-56-44_v-01/home-simple.html
9:56:44 PM [vite] page reload .checkpoints/2025-07-28_21-56-44_v-01/home.html
9:56:44 PM [vite] page reload .checkpoints/2025-07-28_21-56-44_v-01/index.html
9:56:44 PM [vite] page reload .checkpoints/2025-07-28_21-56-44_v-01/src/pages/directing.html
9:56:44 PM [vite] page reload .checkpoints/2025-07-28_21-56-44_v-01/src/pages/graphic-design.html
9:56:44 PM [vite] page reload .checkpoints/2025-07-28_21-56-44_v-01/src/pages/photography.html
9:56:44 PM [vite] page reload .checkpoints/2025-07-28_21-56-44_v-01/src/pages/portfolio.html
9:56:44 PM [vite] page reload .checkpoints/2025-07-28_21-56-44_v-01/src/pages/store.html
9:56:44 PM [vite] page reload .checkpoints/2025-07-28_21-56-44_v-01/src/pages/video-editing.html
9:56:44 PM [vite] page reload .checkpoints/2025-07-28_21-56-44_v-01/src/pages/videography.html
9:56:44 PM [vite] page reload .checkpoints/2025-07-28_21-56-44_v-01/store.html
9:58:03 PM [vite] page reload .checkpoints/list/home-simple.html
9:58:03 PM [vite] page reload .checkpoints/list/home.html
9:58:03 PM [vite] page reload .checkpoints/list/index.html
9:58:03 PM [vite] page reload .checkpoints/list/src/pages/directing.html
9:58:03 PM [vite] page reload .checkpoints/list/src/pages/graphic-design.html
9:58:03 PM [vite] page reload .checkpoints/list/src/pages/photography.html
9:58:03 PM [vite] page reload .checkpoints/list/src/pages/portfolio.html
9:58:03 PM [vite] page reload .checkpoints/list/src/pages/store.html
9:58:03 PM [vite] page reload .checkpoints/list/src/pages/video-editing.html
9:58:03 PM [vite] page reload .checkpoints/list/src/pages/videography.html
9:58:03 PM [vite] page reload .checkpoints/list/store.html
9:58:44 PM [vite] page reload .checkpoints/list/home-simple.html
9:58:44 PM [vite] page reload .checkpoints/list/home.html
9:58:44 PM [vite] page reload .checkpoints/list/index.html
9:58:44 PM [vite] page reload .checkpoints/list/src/pages/directing.html
9:58:44 PM [vite] page reload .checkpoints/list/src/pages/graphic-design.html
9:58:44 PM [vite] page reload .checkpoints/list/src/pages/photography.html
9:58:44 PM [vite] page reload .checkpoints/list/src/pages/portfolio.html
9:58:44 PM [vite] page reload .checkpoints/list/src/pages/store.html
9:58:44 PM [vite] page reload .checkpoints/list/src/pages/video-editing.html
9:58:44 PM [vite] page reload .checkpoints/list/src/pages/videography.html
9:58:44 PM [vite] page reload .checkpoints/list/store.html
9:58:47 PM [vite] page reload .checkpoints/2025-07-28_21-56-44_v-01/home-simple.html
9:58:47 PM [vite] page reload .checkpoints/2025-07-28_21-56-44_v-01/home.html
9:58:47 PM [vite] page reload .checkpoints/2025-07-28_21-56-44_v-01/index.html
9:58:47 PM [vite] page reload .checkpoints/2025-07-28_21-56-44_v-01/src/pages/directing.html
9:58:47 PM [vite] page reload .checkpoints/2025-07-28_21-56-44_v-01/src/pages/graphic-design.html
9:58:47 PM [vite] page reload .checkpoints/2025-07-28_21-56-44_v-01/src/pages/photography.html
9:58:47 PM [vite] page reload .checkpoints/2025-07-28_21-56-44_v-01/src/pages/portfolio.html
9:58:47 PM [vite] page reload .checkpoints/2025-07-28_21-56-44_v-01/src/pages/store.html
9:58:47 PM [vite] page reload .checkpoints/2025-07-28_21-56-44_v-01/src/pages/video-editing.html
9:58:47 PM [vite] page reload .checkpoints/2025-07-28_21-56-44_v-01/src/pages/videography.html
9:58:47 PM [vite] page reload .checkpoints/2025-07-28_21-56-44_v-01/store.html
9:59:07 PM [vite] page reload .checkpoints/v-01/home-simple.html
9:59:07 PM [vite] page reload .checkpoints/v-01/home.html
9:59:07 PM [vite] page reload .checkpoints/v-01/index.html
9:59:07 PM [vite] page reload .checkpoints/v-01/store.html
9:59:07 PM [vite] page reload .checkpoints/v-01/src/pages/directing.html
9:59:07 PM [vite] page reload .checkpoints/v-01/src/pages/graphic-design.html
9:59:07 PM [vite] page reload .checkpoints/v-01/src/pages/photography.html
9:59:07 PM [vite] page reload .checkpoints/v-01/src/pages/portfolio.html
9:59:07 PM [vite] page reload .checkpoints/v-01/src/pages/store.html
9:59:07 PM [vite] page reload .checkpoints/v-01/src/pages/video-editing.html
9:59:07 PM [vite] page reload .checkpoints/v-01/src/pages/videography.html
9:59:07 PM [vite] page reload .checkpoints/v-01/store.html
2:02:23 PM [vite] hmr update /src/styles/main.scss
2:02:36 PM [vite] hmr update /src/styles/main.scss, /src/styles/portfolio.scss?direct
2:04:48 PM [vite] page reload home.html
2:05:01 PM [vite] hmr update /src/styles/main.scss
